2024-11-04 07:23:02,245:INFO:Adding job tentatively -- it will be properly scheduled when the scheduler starts
2024-11-04 07:23:02,245:INFO:Adding job tentatively -- it will be properly scheduled when the scheduler starts
2024-11-04 07:23:02,245:INFO:Scheduler started.
2024-11-04 07:23:02,246:INFO:Added job "git_pull" to job store "default"
2024-11-04 07:23:02,246:INFO:Added job "git_add_commit_push" to job store "default"
2024-11-04 07:23:02,246:INFO:Scheduler started
2024-11-04 07:25:09,150:INFO:Scheduler stopped.
2024-11-04 07:26:26,705:INFO:Adding job tentatively -- it will be properly scheduled when the scheduler starts
2024-11-04 07:26:26,706:INFO:Adding job tentatively -- it will be properly scheduled when the scheduler starts
2024-11-04 07:26:26,706:INFO:Scheduler started.
2024-11-04 07:26:26,707:INFO:Added job "git_pull" to job store "default"
2024-11-04 07:26:26,707:INFO:Added job "git_add_commit_push" to job store "default"
2024-11-04 07:26:26,707:INFO:Scheduler started
2024-11-04 07:27:06,910:INFO:Scheduler stopped.
2024-11-04 07:38:30,063:INFO:Adding job tentatively -- it will be properly scheduled when the scheduler starts
2024-11-04 07:38:30,064:INFO:Adding job tentatively -- it will be properly scheduled when the scheduler starts
2024-11-04 07:38:30,064:INFO:Scheduler started.
2024-11-04 07:38:30,064:INFO:Added job "git_pull" to job store "default"
2024-11-04 07:38:30,065:INFO:Added job "git_add_commit_push" to job store "default"
2024-11-04 07:38:30,065:INFO:Scheduler started
2024-11-04 07:38:40,065:INFO:Running job "git_pull (trigger: interval[0:00:10], next run at: 2024-11-04 07:38:40 EAT)" (scheduled at 2024-11-04 07:38:40.063679+03:00)
2024-11-04 07:38:40,071:ERROR:An unexpected error occurred during git pull: /path/to/your/repository
2024-11-04 07:38:40,071:INFO:Job "git_pull (trigger: interval[0:00:10], next run at: 2024-11-04 07:38:50 EAT)" executed successfully
2024-11-04 07:38:45,065:INFO:Running job "git_add_commit_push (trigger: interval[0:00:15], next run at: 2024-11-04 07:39:00 EAT)" (scheduled at 2024-11-04 07:38:45.063951+03:00)
2024-11-04 07:38:45,066:ERROR:An unexpected error occurred during git commit/push: /path/to/your/repository
2024-11-04 07:38:45,066:INFO:Job "git_add_commit_push (trigger: interval[0:00:15], next run at: 2024-11-04 07:39:00 EAT)" executed successfully
2024-11-04 07:38:50,064:INFO:Running job "git_pull (trigger: interval[0:00:10], next run at: 2024-11-04 07:39:00 EAT)" (scheduled at 2024-11-04 07:38:50.063679+03:00)
2024-11-04 07:38:50,065:ERROR:An unexpected error occurred during git pull: /path/to/your/repository
2024-11-04 07:38:50,065:INFO:Job "git_pull (trigger: interval[0:00:10], next run at: 2024-11-04 07:39:00 EAT)" executed successfully
2024-11-04 07:39:00,064:INFO:Running job "git_pull (trigger: interval[0:00:10], next run at: 2024-11-04 07:39:10 EAT)" (scheduled at 2024-11-04 07:39:00.063679+03:00)
2024-11-04 07:39:00,064:INFO:Running job "git_add_commit_push (trigger: interval[0:00:15], next run at: 2024-11-04 07:39:00 EAT)" (scheduled at 2024-11-04 07:39:00.063951+03:00)
2024-11-04 07:39:00,064:ERROR:An unexpected error occurred during git pull: /path/to/your/repository
2024-11-04 07:39:00,065:ERROR:An unexpected error occurred during git commit/push: /path/to/your/repository
2024-11-04 07:39:00,065:INFO:Job "git_pull (trigger: interval[0:00:10], next run at: 2024-11-04 07:39:10 EAT)" executed successfully
2024-11-04 07:39:00,065:INFO:Job "git_add_commit_push (trigger: interval[0:00:15], next run at: 2024-11-04 07:39:15 EAT)" executed successfully
2024-11-04 07:39:10,064:INFO:Running job "git_pull (trigger: interval[0:00:10], next run at: 2024-11-04 07:39:20 EAT)" (scheduled at 2024-11-04 07:39:10.063679+03:00)
2024-11-04 07:39:10,065:ERROR:An unexpected error occurred during git pull: /path/to/your/repository
2024-11-04 07:39:10,066:INFO:Job "git_pull (trigger: interval[0:00:10], next run at: 2024-11-04 07:39:20 EAT)" executed successfully
2024-11-04 07:39:15,064:INFO:Running job "git_add_commit_push (trigger: interval[0:00:15], next run at: 2024-11-04 07:39:30 EAT)" (scheduled at 2024-11-04 07:39:15.063951+03:00)
2024-11-04 07:39:15,065:ERROR:An unexpected error occurred during git commit/push: /path/to/your/repository
2024-11-04 07:39:15,065:INFO:Job "git_add_commit_push (trigger: interval[0:00:15], next run at: 2024-11-04 07:39:30 EAT)" executed successfully
2024-11-04 07:39:20,064:INFO:Running job "git_pull (trigger: interval[0:00:10], next run at: 2024-11-04 07:39:30 EAT)" (scheduled at 2024-11-04 07:39:20.063679+03:00)
2024-11-04 07:39:20,065:ERROR:An unexpected error occurred during git pull: /path/to/your/repository
2024-11-04 07:39:20,066:INFO:Job "git_pull (trigger: interval[0:00:10], next run at: 2024-11-04 07:39:30 EAT)" executed successfully
2024-11-04 07:39:30,064:INFO:Running job "git_pull (trigger: interval[0:00:10], next run at: 2024-11-04 07:39:40 EAT)" (scheduled at 2024-11-04 07:39:30.063679+03:00)
2024-11-04 07:39:30,065:INFO:Running job "git_add_commit_push (trigger: interval[0:00:15], next run at: 2024-11-04 07:39:45 EAT)" (scheduled at 2024-11-04 07:39:30.063951+03:00)
2024-11-04 07:39:30,066:ERROR:An unexpected error occurred during git pull: /path/to/your/repository
2024-11-04 07:39:30,066:ERROR:An unexpected error occurred during git commit/push: /path/to/your/repository
2024-11-04 07:39:30,067:INFO:Job "git_pull (trigger: interval[0:00:10], next run at: 2024-11-04 07:39:40 EAT)" executed successfully
2024-11-04 07:39:30,067:INFO:Job "git_add_commit_push (trigger: interval[0:00:15], next run at: 2024-11-04 07:39:45 EAT)" executed successfully
2024-11-04 07:39:40,064:INFO:Running job "git_pull (trigger: interval[0:00:10], next run at: 2024-11-04 07:39:50 EAT)" (scheduled at 2024-11-04 07:39:40.063679+03:00)
2024-11-04 07:39:40,065:ERROR:An unexpected error occurred during git pull: /path/to/your/repository
2024-11-04 07:39:40,066:INFO:Job "git_pull (trigger: interval[0:00:10], next run at: 2024-11-04 07:39:50 EAT)" executed successfully
2024-11-04 07:39:45,065:INFO:Running job "git_add_commit_push (trigger: interval[0:00:15], next run at: 2024-11-04 07:40:00 EAT)" (scheduled at 2024-11-04 07:39:45.063951+03:00)
2024-11-04 07:39:45,066:ERROR:An unexpected error occurred during git commit/push: /path/to/your/repository
2024-11-04 07:39:45,066:INFO:Job "git_add_commit_push (trigger: interval[0:00:15], next run at: 2024-11-04 07:40:00 EAT)" executed successfully
2024-11-04 07:39:50,064:INFO:Running job "git_pull (trigger: interval[0:00:10], next run at: 2024-11-04 07:40:00 EAT)" (scheduled at 2024-11-04 07:39:50.063679+03:00)
2024-11-04 07:39:50,066:ERROR:An unexpected error occurred during git pull: /path/to/your/repository
2024-11-04 07:39:50,066:INFO:Job "git_pull (trigger: interval[0:00:10], next run at: 2024-11-04 07:40:00 EAT)" executed successfully
2024-11-04 07:40:00,065:INFO:Running job "git_pull (trigger: interval[0:00:10], next run at: 2024-11-04 07:40:10 EAT)" (scheduled at 2024-11-04 07:40:00.063679+03:00)
2024-11-04 07:40:00,066:INFO:Running job "git_add_commit_push (trigger: interval[0:00:15], next run at: 2024-11-04 07:40:15 EAT)" (scheduled at 2024-11-04 07:40:00.063951+03:00)
2024-11-04 07:40:00,067:ERROR:An unexpected error occurred during git pull: /path/to/your/repository
2024-11-04 07:40:00,068:INFO:Job "git_pull (trigger: interval[0:00:10], next run at: 2024-11-04 07:40:10 EAT)" executed successfully
2024-11-04 07:40:00,068:ERROR:An unexpected error occurred during git commit/push: /path/to/your/repository
2024-11-04 07:40:00,069:INFO:Job "git_add_commit_push (trigger: interval[0:00:15], next run at: 2024-11-04 07:40:15 EAT)" executed successfully
2024-11-04 07:40:10,064:INFO:Running job "git_pull (trigger: interval[0:00:10], next run at: 2024-11-04 07:40:20 EAT)" (scheduled at 2024-11-04 07:40:10.063679+03:00)
2024-11-04 07:40:10,064:ERROR:An unexpected error occurred during git pull: /path/to/your/repository
2024-11-04 07:40:10,064:INFO:Job "git_pull (trigger: interval[0:00:10], next run at: 2024-11-04 07:40:20 EAT)" executed successfully
2024-11-04 07:40:15,065:INFO:Running job "git_add_commit_push (trigger: interval[0:00:15], next run at: 2024-11-04 07:40:30 EAT)" (scheduled at 2024-11-04 07:40:15.063951+03:00)
2024-11-04 07:40:15,066:ERROR:An unexpected error occurred during git commit/push: /path/to/your/repository
2024-11-04 07:40:15,066:INFO:Job "git_add_commit_push (trigger: interval[0:00:15], next run at: 2024-11-04 07:40:30 EAT)" executed successfully
2024-11-04 07:40:20,064:INFO:Running job "git_pull (trigger: interval[0:00:10], next run at: 2024-11-04 07:40:30 EAT)" (scheduled at 2024-11-04 07:40:20.063679+03:00)
2024-11-04 07:40:20,066:ERROR:An unexpected error occurred during git pull: /path/to/your/repository
2024-11-04 07:40:20,066:INFO:Job "git_pull (trigger: interval[0:00:10], next run at: 2024-11-04 07:40:30 EAT)" executed successfully
2024-11-04 07:40:30,065:INFO:Running job "git_pull (trigger: interval[0:00:10], next run at: 2024-11-04 07:40:40 EAT)" (scheduled at 2024-11-04 07:40:30.063679+03:00)
2024-11-04 07:40:30,065:INFO:Running job "git_add_commit_push (trigger: interval[0:00:15], next run at: 2024-11-04 07:40:45 EAT)" (scheduled at 2024-11-04 07:40:30.063951+03:00)
2024-11-04 07:40:30,066:ERROR:An unexpected error occurred during git pull: /path/to/your/repository
2024-11-04 07:40:30,067:ERROR:An unexpected error occurred during git commit/push: /path/to/your/repository
2024-11-04 07:40:30,067:INFO:Job "git_pull (trigger: interval[0:00:10], next run at: 2024-11-04 07:40:40 EAT)" executed successfully
2024-11-04 07:40:30,068:INFO:Job "git_add_commit_push (trigger: interval[0:00:15], next run at: 2024-11-04 07:40:45 EAT)" executed successfully
2024-11-04 07:40:40,064:INFO:Running job "git_pull (trigger: interval[0:00:10], next run at: 2024-11-04 07:40:50 EAT)" (scheduled at 2024-11-04 07:40:40.063679+03:00)
2024-11-04 07:40:40,064:ERROR:An unexpected error occurred during git pull: /path/to/your/repository
2024-11-04 07:40:40,064:INFO:Job "git_pull (trigger: interval[0:00:10], next run at: 2024-11-04 07:40:50 EAT)" executed successfully
2024-11-04 07:40:45,064:INFO:Running job "git_add_commit_push (trigger: interval[0:00:15], next run at: 2024-11-04 07:41:00 EAT)" (scheduled at 2024-11-04 07:40:45.063951+03:00)
2024-11-04 07:40:45,064:ERROR:An unexpected error occurred during git commit/push: /path/to/your/repository
2024-11-04 07:40:45,064:INFO:Job "git_add_commit_push (trigger: interval[0:00:15], next run at: 2024-11-04 07:41:00 EAT)" executed successfully
2024-11-04 07:40:45,165:INFO:Scheduler stopped.
2024-11-04 07:41:45,715:INFO:Adding job tentatively -- it will be properly scheduled when the scheduler starts
2024-11-04 07:41:45,715:INFO:Adding job tentatively -- it will be properly scheduled when the scheduler starts
2024-11-04 07:41:45,715:INFO:Scheduler started.
2024-11-04 07:41:45,716:INFO:Added job "git_pull" to job store "default"
2024-11-04 07:41:45,716:INFO:Added job "git_add_commit_push" to job store "default"
2024-11-04 07:41:45,716:INFO:Scheduler started
2024-11-04 07:41:55,716:INFO:Running job "git_pull (trigger: interval[0:00:10], next run at: 2024-11-04 07:41:55 EAT)" (scheduled at 2024-11-04 07:41:55.715055+03:00)
2024-11-04 07:41:55,728:ERROR:An unexpected error occurred during git pull: 'IterableList' object has no attribute 'origin'
2024-11-04 07:41:55,729:INFO:Job "git_pull (trigger: interval[0:00:10], next run at: 2024-11-04 07:42:05 EAT)" executed successfully
2024-11-04 07:42:00,716:INFO:Running job "git_add_commit_push (trigger: interval[0:00:15], next run at: 2024-11-04 07:42:15 EAT)" (scheduled at 2024-11-04 07:42:00.715347+03:00)
2024-11-04 07:42:04,184:ERROR:An unexpected error occurred during git commit/push: 'IterableList' object has no attribute 'origin'
2024-11-04 07:42:04,184:INFO:Job "git_add_commit_push (trigger: interval[0:00:15], next run at: 2024-11-04 07:42:15 EAT)" executed successfully
2024-11-04 07:42:05,715:INFO:Running job "git_pull (trigger: interval[0:00:10], next run at: 2024-11-04 07:42:15 EAT)" (scheduled at 2024-11-04 07:42:05.715055+03:00)
2024-11-04 07:42:05,716:ERROR:An unexpected error occurred during git pull: 'IterableList' object has no attribute 'origin'
2024-11-04 07:42:05,716:INFO:Job "git_pull (trigger: interval[0:00:10], next run at: 2024-11-04 07:42:15 EAT)" executed successfully
2024-11-04 07:42:11,395:INFO:Scheduler stopped.
2024-11-04 07:50:58,457:INFO:Adding job tentatively -- it will be properly scheduled when the scheduler starts
2024-11-04 07:50:58,457:INFO:Adding job tentatively -- it will be properly scheduled when the scheduler starts
2024-11-04 07:50:58,458:INFO:Scheduler started.
2024-11-04 07:50:58,459:INFO:Added job "git_pull" to job store "default"
2024-11-04 07:50:58,459:INFO:Added job "git_add_commit_push" to job store "default"
2024-11-04 07:50:58,459:INFO:Scheduler started
2024-11-04 07:51:08,458:INFO:Running job "git_pull (trigger: interval[0:00:10], next run at: 2024-11-04 07:51:08 EAT)" (scheduled at 2024-11-04 07:51:08.457047+03:00)
2024-11-04 07:51:09,298:INFO:Git pull successful.
2024-11-04 07:51:09,298:INFO:Job "git_pull (trigger: interval[0:00:10], next run at: 2024-11-04 07:51:18 EAT)" executed successfully
2024-11-04 07:51:13,458:INFO:Running job "git_add_commit_push (trigger: interval[0:00:15], next run at: 2024-11-04 07:51:28 EAT)" (scheduled at 2024-11-04 07:51:13.457513+03:00)
2024-11-04 07:51:15,808:INFO:Git add, commit, and push successful.
2024-11-04 07:51:15,809:INFO:Job "git_add_commit_push (trigger: interval[0:00:15], next run at: 2024-11-04 07:51:28 EAT)" executed successfully
2024-11-04 07:51:18,458:INFO:Running job "git_pull (trigger: interval[0:00:10], next run at: 2024-11-04 07:51:28 EAT)" (scheduled at 2024-11-04 07:51:18.457047+03:00)
2024-11-04 07:51:19,223:INFO:Git pull successful.
2024-11-04 07:51:19,223:INFO:Job "git_pull (trigger: interval[0:00:10], next run at: 2024-11-04 07:51:28 EAT)" executed successfully
2024-11-04 07:51:28,457:INFO:Running job "git_pull (trigger: interval[0:00:10], next run at: 2024-11-04 07:51:38 EAT)" (scheduled at 2024-11-04 07:51:28.457047+03:00)
2024-11-04 07:51:28,458:INFO:Running job "git_add_commit_push (trigger: interval[0:00:15], next run at: 2024-11-04 07:51:28 EAT)" (scheduled at 2024-11-04 07:51:28.457513+03:00)
2024-11-04 07:51:29,191:ERROR:Git pull failed: Cmd('git') failed due to: exit code(128)
  cmdline: git pull -v -- origin
  stderr: 'error: Your local changes to the following files would be overwritten by merge:
fatal: Cannot fast-forward your working tree.'
2024-11-04 07:51:29,191:INFO:Job "git_pull (trigger: interval[0:00:10], next run at: 2024-11-04 07:51:38 EAT)" executed successfully
2024-11-04 07:51:30,597:INFO:Git add, commit, and push successful.
2024-11-04 07:51:30,597:INFO:Job "git_add_commit_push (trigger: interval[0:00:15], next run at: 2024-11-04 07:51:43 EAT)" executed successfully
2024-11-04 07:51:31,770:INFO:Scheduler stopped.
2024-11-04 08:01:04,827:INFO:Adding job tentatively -- it will be properly scheduled when the scheduler starts
2024-11-04 08:01:04,827:INFO:Adding job tentatively -- it will be properly scheduled when the scheduler starts
2024-11-04 08:01:04,827:INFO:Scheduler started.
2024-11-04 08:01:04,828:INFO:Added job "git_pull" to job store "default"
2024-11-04 08:01:04,829:INFO:Added job "git_add_commit_push" to job store "default"
2024-11-04 08:01:04,829:INFO:Scheduler started
2024-11-04 08:01:14,828:INFO:Running job "git_pull (trigger: interval[0:00:10], next run at: 2024-11-04 08:01:14 EAT)" (scheduled at 2024-11-04 08:01:14.827017+03:00)
2024-11-04 08:01:15,680:INFO:Git pull successful.
2024-11-04 08:01:15,680:INFO:Job "git_pull (trigger: interval[0:00:10], next run at: 2024-11-04 08:01:24 EAT)" executed successfully
2024-11-04 08:01:19,828:INFO:Running job "git_add_commit_push (trigger: interval[0:00:15], next run at: 2024-11-04 08:01:34 EAT)" (scheduled at 2024-11-04 08:01:19.827390+03:00)
2024-11-04 08:01:21,893:INFO:Git add, commit, and push successful.
2024-11-04 08:01:21,893:INFO:Job "git_add_commit_push (trigger: interval[0:00:15], next run at: 2024-11-04 08:01:34 EAT)" executed successfully
2024-11-04 08:01:24,828:INFO:Running job "git_pull (trigger: interval[0:00:10], next run at: 2024-11-04 08:01:34 EAT)" (scheduled at 2024-11-04 08:01:24.827017+03:00)
2024-11-04 08:01:25,634:INFO:Git pull successful.
2024-11-04 08:01:25,634:INFO:Job "git_pull (trigger: interval[0:00:10], next run at: 2024-11-04 08:01:34 EAT)" executed successfully
2024-11-04 08:01:31,923:INFO:Scheduler stopped.
ERROR:root:Git push failed: Cmd('git') failed due to: exit code(1)
  cmdline: git commit -m Automated backup commit
  stdout: 'On branch main
Your branch is up to date with 'origin/main'.

nothing to commit, working tree clean'
2024-11-04 08:19:19,801:INFO:Git pull executed successfully.
